RUN	simulations.End2EndSimulation	end2endsimulation	1633364618434	 	3.5.1
USER	E2E Service Registry Simulation	START	1633364619876
USER	E2E Service Registry Simulation	START	1633364620865
REQUEST		Create registry instance	1633364619985	1633364621364	OK	 
REQUEST		Check instance status	1633364621444	1633364621488	OK	 
USER	E2E Service Registry Simulation	START	1633364621865
REQUEST		Create registry instance	1633364620866	1633364622098	OK	 
REQUEST		Check instance status	1633364622103	1633364622161	OK	 
REQUEST		Check instance status	1633364622496	1633364622537	OK	 
REQUEST		Get instance url	1633364622540	1633364622580	OK	 
REQUEST		Create registry instance	1633364621866	1633364622951	OK	 
USER	E2E Service Registry Simulation	START	1633364622857
REQUEST		Check instance status	1633364622954	1633364622994	OK	 
REQUEST		Check instance status	1633364623164	1633364623207	OK	 
REQUEST		Get instance url	1633364623209	1633364623244	OK	 
REQUEST		Get Developer principalId	1633364622983	1633364623335	OK	 
REQUEST		Get Developer principalId	1633364623246	1633364623335	OK	 
REQUEST		Grant access to Developer principalId	1633364623456	1633364623486	OK	 
REQUEST		Grant access to Developer principalId	1633364623456	1633364623489	OK	 
REQUEST		Create artifact	1633364623490	1633364623531	OK	 
REQUEST		Create artifact	1633364623490	1633364623538	OK	 
REQUEST		Search artifacts	1633364623535	1633364623566	OK	 
REQUEST		Search artifacts	1633364623540	1633364623574	OK	 
REQUEST		Get artifact by ID	1633364623569	1633364623600	OK	 
REQUEST		Get artifact by ID	1633364623576	1633364623610	OK	 
USER	E2E Service Registry Simulation	START	1633364623858
REQUEST		Create registry instance	1633364622983	1633364623926	OK	 
REQUEST		Check instance status	1633364623928	1633364623967	OK	 
REQUEST		Check instance status	1633364623997	1633364624034	OK	 
REQUEST		Get instance url	1633364624036	1633364624079	OK	 
REQUEST		Get artifact by ID	1633364624102	1633364624130	OK	 
REQUEST		Get artifact by ID	1633364624112	1633364624142	OK	 
REQUEST		Get Developer principalId	1633364624080	1633364624167	OK	 
REQUEST		Grant access to Developer principalId	1633364624169	1633364624199	OK	 
REQUEST		Create artifact	1633364624200	1633364624314	OK	 
REQUEST		Search artifacts	1633364624316	1633364624347	OK	 
REQUEST		Get artifact by ID	1633364624349	1633364624380	OK	 
REQUEST		Get artifact by ID	1633364624632	1633364624664	OK	 
REQUEST		Get artifact by ID	1633364624644	1633364624680	OK	 
REQUEST		Create registry instance	1633364623858	1633364624898	OK	 
REQUEST		Get artifact by ID	1633364624883	1633364624914	OK	 
REQUEST		Check instance status	1633364624900	1633364624944	OK	 
REQUEST		Check instance status	1633364624969	1633364625009	OK	 
REQUEST		Get instance url	1633364625011	1633364625042	OK	 
REQUEST		Get Developer principalId	1633364625043	1633364625124	OK	 
REQUEST		Grant access to Developer principalId	1633364625126	1633364625157	OK	 
REQUEST		Get artifact by ID	1633364625166	1633364625193	OK	 
REQUEST		Create artifact	1633364625158	1633364625196	OK	 
REQUEST		Get artifact by ID	1633364625182	1633364625219	OK	 
REQUEST		Search artifacts	1633364625199	1633364625228	OK	 
REQUEST		Get artifact by ID	1633364625229	1633364625263	OK	 
REQUEST		Get artifact by ID	1633364625415	1633364625443	OK	 
REQUEST		Get artifact by ID	1633364625695	1633364625727	OK	 
REQUEST		Get artifact by ID	1633364625721	1633364625773	OK	 
REQUEST		Get artifact by ID	1633364625765	1633364625794	OK	 
REQUEST		Get artifact by ID	1633364625945	1633364625982	OK	 
REQUEST		Check instance status	1633364625946	1633364626000	OK	 
REQUEST		Get instance url	1633364626002	1633364626063	OK	 
REQUEST		Get Developer principalId	1633364626065	1633364626141	OK	 
REQUEST		Grant access to Developer principalId	1633364626142	1633364626180	OK	 
REQUEST		Create artifact	1633364626181	1633364626219	OK	 
REQUEST		Search artifacts	1633364626221	1633364626250	OK	 
REQUEST		Get artifact by ID	1633364626229	1633364626255	OK	 
REQUEST		Get artifact by ID	1633364626251	1633364626282	OK	 
REQUEST		Get artifact by ID	1633364626275	1633364626318	OK	 
REQUEST		Get artifact by ID	1633364626296	1633364626329	OK	 
REQUEST		Get artifact by ID	1633364626484	1633364626521	OK	 
REQUEST		Get artifact by ID	1633364626757	1633364626790	OK	 
REQUEST		Get artifact by ID	1633364626785	1633364626814	OK	 
REQUEST		Get artifact by ID	1633364626819	1633364626871	OK	 
REQUEST		Get artifact by ID	1633364626830	1633364626872	OK	 
REQUEST		Get artifact by ID	1633364627022	1633364627051	OK	 
REQUEST		Get artifact by ID	1633364627293	1633364627323	OK	 
REQUEST		Get artifact by ID	1633364627316	1633364627353	OK	 
REQUEST		Get artifact by ID	1633364627373	1633364627411	OK	 
REQUEST		Get artifact by ID	1633364627374	1633364627414	OK	 
REQUEST		Get artifact by ID	1633364627552	1633364627582	OK	 
REQUEST		Get artifact by ID	1633364627826	1633364627858	OK	 
REQUEST		Get artifact by ID	1633364627856	1633364627884	OK	 
REQUEST		Get artifact by ID	1633364627916	1633364627950	OK	 
REQUEST		Get artifact by ID	1633364627913	1633364627951	OK	 
REQUEST		Get artifact by ID	1633364628084	1633364628115	OK	 
REQUEST		Get artifact by ID	1633364628360	1633364628390	OK	 
REQUEST		Get artifact by ID	1633364628386	1633364628416	OK	 
REQUEST		Get artifact by ID	1633364628452	1633364628485	OK	 
REQUEST		Get artifact by ID	1633364628453	1633364628492	OK	 
REQUEST		Get artifact by ID	1633364628617	1633364628645	OK	 
REQUEST		Get artifact by ID	1633364628892	1633364628922	OK	 
REQUEST		Get artifact by ID	1633364628918	1633364628947	OK	 
REQUEST		Get artifact by ID	1633364628987	1633364629020	OK	 
REQUEST		Get artifact by ID	1633364628993	1633364629029	OK	 
REQUEST		Get artifact by ID	1633364629148	1633364629177	OK	 
REQUEST		Get artifact by ID	1633364629424	1633364629452	OK	 
REQUEST		Get artifact by ID	1633364629449	1633364629478	OK	 
REQUEST		Get artifact by ID	1633364629522	1633364629551	OK	 
REQUEST		Get artifact by ID	1633364629531	1633364629566	OK	 
REQUEST		Get artifact by ID	1633364629680	1633364629709	OK	 
REQUEST		Get artifact by ID	1633364629954	1633364629988	OK	 
REQUEST		Get artifact by ID	1633364629981	1633364630007	OK	 
REQUEST		Get artifact by ID	1633364630053	1633364630088	OK	 
REQUEST		Get artifact by ID	1633364630067	1633364630100	OK	 
REQUEST		Get artifact by ID	1633364630211	1633364630239	OK	 
REQUEST		Get artifact by ID	1633364630490	1633364630517	OK	 
REQUEST		Get artifact by ID	1633364630509	1633364630538	OK	 
REQUEST		Get artifact by ID	1633364630590	1633364630618	OK	 
REQUEST		Get artifact by ID	1633364630602	1633364630632	OK	 
REQUEST		Get artifact by ID	1633364630741	1633364630782	OK	 
REQUEST		Get artifact by ID	1633364631019	1633364631053	OK	 
REQUEST		Get artifact by ID	1633364631040	1633364631074	OK	 
REQUEST		Get artifact by ID	1633364631120	1633364631154	OK	 
REQUEST		Get artifact by ID	1633364631134	1633364631233	OK	 
REQUEST		Get artifact by ID	1633364631284	1633364631313	OK	 
REQUEST		Get artifact by ID	1633364631555	1633364631587	OK	 
REQUEST		Get artifact by ID	1633364631575	1633364631605	OK	 
REQUEST		Get artifact by ID	1633364631657	1633364631685	OK	 
REQUEST		Get artifact by ID	1633364631735	1633364631787	OK	 
REQUEST		Get artifact by ID	1633364631814	1633364631843	OK	 
REQUEST		Get artifact by ID	1633364632090	1633364632121	OK	 
REQUEST		Get artifact by ID	1633364632108	1633364632138	OK	 
REQUEST		Get artifact by ID	1633364632188	1633364632225	OK	 
REQUEST		Get artifact by ID	1633364632289	1633364632324	OK	 
REQUEST		Get artifact by ID	1633364632346	1633364632375	OK	 
REQUEST		Get artifact by ID	1633364632624	1633364632653	OK	 
REQUEST		Get artifact by ID	1633364632640	1633364632671	OK	 
REQUEST		Get artifact by ID	1633364632727	1633364632756	OK	 
REQUEST		Get artifact by ID	1633364632826	1633364632857	OK	 
REQUEST		Get artifact by ID	1633364632878	1633364632909	OK	 
REQUEST		Get artifact by ID	1633364633156	1633364633188	OK	 
REQUEST		Get artifact by ID	1633364633174	1633364633204	OK	 
REQUEST		Get artifact by ID	1633364633259	1633364633290	OK	 
REQUEST		Get artifact by ID	1633364633359	1633364633393	OK	 
REQUEST		Get artifact by ID	1633364633412	1633364633440	OK	 
REQUEST		Get artifact by ID	1633364633691	1633364633720	OK	 
REQUEST		Get artifact by ID	1633364633708	1633364633741	OK	 
REQUEST		Get artifact by ID	1633364633792	1633364633824	OK	 
REQUEST		Get artifact by ID	1633364633895	1633364633927	OK	 
REQUEST		Get artifact by ID	1633364633943	1633364633973	OK	 
REQUEST		Get artifact by ID	1633364634222	1633364634253	OK	 
REQUEST		Get artifact by ID	1633364634243	1633364634274	OK	 
REQUEST		Get artifact by ID	1633364634327	1633364634429	OK	 
REQUEST		Get artifact by ID	1633364634429	1633364634460	OK	 
REQUEST		Get artifact by ID	1633364634475	1633364634511	OK	 
REQUEST		Get artifact by ID	1633364634755	1633364634786	OK	 
REQUEST		Get artifact by ID	1633364634777	1633364634804	OK	 
REQUEST		Get artifact by ID	1633364634931	1633364634961	OK	 
REQUEST		Get artifact by ID	1633364634962	1633364634998	OK	 
REQUEST		Get artifact by ID	1633364635012	1633364635040	OK	 
REQUEST		Get artifact by ID	1633364635289	1633364635316	OK	 
REQUEST		Get artifact by ID	1633364635306	1633364635338	OK	 
REQUEST		Get artifact by ID	1633364635463	1633364635490	OK	 
REQUEST		Get artifact by ID	1633364635500	1633364635531	OK	 
REQUEST		Get artifact by ID	1633364635542	1633364635570	OK	 
REQUEST		Get artifact by ID	1633364635819	1633364635848	OK	 
REQUEST		Get artifact by ID	1633364635841	1633364635874	OK	 
REQUEST		Get artifact by ID	1633364635993	1633364636023	OK	 
REQUEST		Get artifact by ID	1633364636034	1633364636064	OK	 
REQUEST		Get artifact by ID	1633364636072	1633364636104	OK	 
REQUEST		Get artifact by ID	1633364636351	1633364636381	OK	 
REQUEST		Get artifact by ID	1633364636376	1633364636409	OK	 
REQUEST		Get artifact by ID	1633364636525	1633364636554	OK	 
REQUEST		Get artifact by ID	1633364636565	1633364636598	OK	 
REQUEST		Get artifact by ID	1633364636606	1633364636640	OK	 
REQUEST		Get artifact by ID	1633364636883	1633364636915	OK	 
REQUEST		Get artifact by ID	1633364636911	1633364636940	OK	 
REQUEST		Get artifact by ID	1633364637056	1633364637088	OK	 
REQUEST		Get artifact by ID	1633364637100	1633364637131	OK	 
REQUEST		Get artifact by ID	1633364637142	1633364637172	OK	 
REQUEST		Get artifact by ID	1633364637417	1633364637449	OK	 
REQUEST		Get artifact by ID	1633364637442	1633364637473	OK	 
REQUEST		Get artifact by ID	1633364637591	1633364637619	OK	 
REQUEST		Get artifact by ID	1633364637633	1633364637666	OK	 
REQUEST		Get artifact by ID	1633364637675	1633364637706	OK	 
REQUEST		Get artifact by ID	1633364637951	1633364637989	OK	 
REQUEST		Get artifact by ID	1633364637976	1633364638005	OK	 
REQUEST		Get artifact by ID	1633364638121	1633364638152	OK	 
REQUEST		Get artifact by ID	1633364638169	1633364638200	OK	 
REQUEST		Get artifact by ID	1633364638208	1633364638239	OK	 
REQUEST		Get artifact by ID	1633364638491	1633364638521	OK	 
REQUEST		Get artifact by ID	1633364638506	1633364638534	OK	 
REQUEST		Get artifact by ID	1633364638654	1633364638685	OK	 
REQUEST		Get artifact by ID	1633364638701	1633364638734	OK	 
REQUEST		Get artifact by ID	1633364638741	1633364638771	OK	 
REQUEST		Get artifact by ID	1633364639022	1633364639061	OK	 
REQUEST		Get artifact by ID	1633364639035	1633364639067	OK	 
REQUEST		Get artifact by ID	1633364639186	1633364639215	OK	 
REQUEST		Get artifact by ID	1633364639236	1633364639264	OK	 
REQUEST		Get artifact by ID	1633364639272	1633364639300	OK	 
REQUEST		Get artifact by ID	1633364639563	1633364639592	OK	 
REQUEST		Get artifact by ID	1633364639569	1633364639609	OK	 
REQUEST		Get artifact by ID	1633364639717	1633364639747	OK	 
REQUEST		Get artifact by ID	1633364639766	1633364639802	OK	 
REQUEST		Get artifact by ID	1633364639802	1633364639841	OK	 
REQUEST		Get artifact by ID	1633364640094	1633364640128	OK	 
REQUEST		Get artifact by ID	1633364640111	1633364640147	OK	 
REQUEST		Get artifact by ID	1633364640249	1633364640325	OK	 
REQUEST		Get artifact by ID	1633364640304	1633364640380	OK	 
REQUEST		Get artifact by ID	1633364640343	1633364640423	OK	 
REQUEST		Get artifact by ID	1633364640631	1633364640707	OK	 
REQUEST		Get artifact by ID	1633364640650	1633364640723	OK	 
REQUEST		Get artifact by ID	1633364640828	1633364640858	OK	 
REQUEST		Get artifact by ID	1633364640882	1633364640918	OK	 
REQUEST		Get artifact by ID	1633364640926	1633364640955	OK	 
REQUEST		Get artifact by ID	1633364641209	1633364641244	OK	 
REQUEST		Get artifact by ID	1633364641225	1633364641253	OK	 
REQUEST		Get artifact by ID	1633364641360	1633364641389	OK	 
REQUEST		Get artifact by ID	1633364641419	1633364641448	OK	 
REQUEST		Get artifact by ID	1633364641457	1633364641490	OK	 
REQUEST		Get artifact by ID	1633364641745	1633364641779	OK	 
REQUEST		Get artifact by ID	1633364641754	1633364641785	OK	 
REQUEST		Get artifact by ID	1633364641890	1633364641922	OK	 
REQUEST		Get artifact by ID	1633364641949	1633364641983	OK	 
REQUEST		Get artifact by ID	1633364641991	1633364642039	OK	 
REQUEST		Get artifact by ID	1633364642280	1633364642307	OK	 
REQUEST		Get artifact by ID	1633364642286	1633364642314	OK	 
REQUEST		Get artifact by ID	1633364642423	1633364642453	OK	 
REQUEST		Get artifact by ID	1633364642484	1633364642518	OK	 
REQUEST		Get artifact by ID	1633364642540	1633364642571	OK	 
REQUEST		Get artifact by ID	1633364642809	1633364642847	OK	 
REQUEST		Get artifact by ID	1633364642816	1633364642847	OK	 
REQUEST		Get artifact by ID	1633364642955	1633364642985	OK	 
REQUEST		Get artifact by ID	1633364643020	1633364643072	OK	 
REQUEST		Get artifact by ID	1633364643072	1633364643100	OK	 
REQUEST		Get artifact by ID	1633364643349	1633364643379	OK	 
REQUEST		Get artifact by ID	1633364643349	1633364643387	OK	 
REQUEST		Get artifact by ID	1633364643487	1633364643518	OK	 
REQUEST		Get artifact by ID	1633364643574	1633364643605	OK	 
REQUEST		Get artifact by ID	1633364643602	1633364643633	OK	 
REQUEST		Get artifact by ID	1633364643880	1633364643914	OK	 
REQUEST		Get artifact by ID	1633364643889	1633364643924	OK	 
REQUEST		Get artifact by ID	1633364644019	1633364644048	OK	 
REQUEST		Get artifact by ID	1633364644107	1633364644143	OK	 
REQUEST		Get artifact by ID	1633364644135	1633364644161	OK	 
REQUEST		Get artifact by ID	1633364644415	1633364644448	OK	 
REQUEST		Get artifact by ID	1633364644425	1633364644453	OK	 
REQUEST		Get artifact by ID	1633364644549	1633364644578	OK	 
REQUEST		Get artifact by ID	1633364644645	1633364644685	OK	 
REQUEST		Get artifact by ID	1633364644662	1633364644691	OK	 
REQUEST		Get artifact by ID	1633364644950	1633364644977	OK	 
REQUEST		Get artifact by ID	1633364644955	1633364644985	OK	 
REQUEST		Get artifact by ID	1633364645080	1633364645113	OK	 
REQUEST		Get artifact by ID	1633364645192	1633364645220	OK	 
REQUEST		Get artifact by ID	1633364645187	1633364645220	OK	 
REQUEST		Get artifact by ID	1633364645479	1633364645506	OK	 
REQUEST		Get artifact by ID	1633364645487	1633364645517	OK	 
REQUEST		Get artifact by ID	1633364645615	1633364645649	OK	 
REQUEST		Get artifact by ID	1633364645721	1633364645753	OK	 
REQUEST		Get artifact by ID	1633364645721	1633364645773	OK	 
REQUEST		Get artifact by ID	1633364646007	1633364646033	OK	 
REQUEST		Get artifact by ID	1633364646018	1633364646050	OK	 
REQUEST		Get artifact by ID	1633364646150	1633364646180	OK	 
REQUEST		Get artifact by ID	1633364646254	1633364646283	OK	 
REQUEST		Get artifact by ID	1633364646274	1633364646307	OK	 
REQUEST		Get artifact by ID	1633364646535	1633364646566	OK	 
REQUEST		Get artifact by ID	1633364646552	1633364646582	OK	 
REQUEST		Get artifact by ID	1633364646681	1633364646710	OK	 
REQUEST		Get artifact by ID	1633364646786	1633364646820	OK	 
REQUEST		Get artifact by ID	1633364646809	1633364646846	OK	 
REQUEST		Get artifact by ID	1633364647068	1633364647095	OK	 
REQUEST		Get artifact by ID	1633364647083	1633364647112	OK	 
REQUEST		Get artifact by ID	1633364647212	1633364647245	OK	 
REQUEST		Get artifact by ID	1633364647322	1633364647354	OK	 
REQUEST		Get artifact by ID	1633364647349	1633364647383	OK	 
REQUEST		Get artifact by ID	1633364647597	1633364647627	OK	 
REQUEST		Get artifact by ID	1633364647614	1633364647644	OK	 
REQUEST		Get artifact by ID	1633364647747	1633364647781	OK	 
REQUEST		Get artifact by ID	1633364647857	1633364647889	OK	 
REQUEST		Get artifact by ID	1633364647885	1633364647916	OK	 
REQUEST		Get artifact by ID	1633364648129	1633364648159	OK	 
REQUEST		Get artifact by ID	1633364648145	1633364648172	OK	 
REQUEST		Get artifact by ID	1633364648283	1633364648319	OK	 
REQUEST		Get artifact by ID	1633364648390	1633364648421	OK	 
REQUEST		Get artifact by ID	1633364648418	1633364648449	OK	 
REQUEST		Get artifact by ID	1633364648660	1633364648688	OK	 
REQUEST		Get artifact by ID	1633364648673	1633364648708	OK	 
REQUEST		Get artifact by ID	1633364648820	1633364648849	OK	 
REQUEST		Get artifact by ID	1633364648923	1633364648954	OK	 
REQUEST		Get artifact by ID	1633364648951	1633364648982	OK	 
REQUEST		Get artifact by ID	1633364649189	1633364649235	OK	 
REQUEST		Get artifact by ID	1633364649210	1633364649238	OK	 
REQUEST		Get artifact by ID	1633364649351	1633364649381	OK	 
REQUEST		Get artifact by ID	1633364649456	1633364649486	OK	 
REQUEST		Get artifact by ID	1633364649484	1633364649526	OK	 
REQUEST		Get artifact by ID	1633364649737	1633364649766	OK	 
REQUEST		Get artifact by ID	1633364649740	1633364649772	OK	 
REQUEST		Get artifact by ID	1633364649882	1633364649914	OK	 
REQUEST		Get artifact by ID	1633364649989	1633364650023	OK	 
REQUEST		Get artifact by ID	1633364650028	1633364650059	OK	 
REQUEST		Get artifact by ID	1633364650267	1633364650296	OK	 
REQUEST		Get artifact by ID	1633364650273	1633364650304	OK	 
REQUEST		Get artifact by ID	1633364650416	1633364650445	OK	 
REQUEST		Get artifact by ID	1633364650524	1633364650556	OK	 
REQUEST		Get artifact by ID	1633364650561	1633364650597	OK	 
REQUEST		Get artifact by ID	1633364650798	1633364650833	OK	 
REQUEST		Get artifact by ID	1633364650805	1633364650837	OK	 
REQUEST		Get artifact by ID	1633364650946	1633364650973	OK	 
REQUEST		Get artifact by ID	1633364651058	1633364651087	OK	 
REQUEST		Get artifact by ID	1633364651098	1633364651130	OK	 
REQUEST		Get artifact by ID	1633364651334	1633364651361	OK	 
REQUEST		Get artifact by ID	1633364651339	1633364651367	OK	 
REQUEST		Get artifact by ID	1633364651475	1633364651510	OK	 
REQUEST		Get artifact by ID	1633364651589	1633364651620	OK	 
REQUEST		Get artifact by ID	1633364651632	1633364651664	OK	 
REQUEST		Get artifact by ID	1633364651863	1633364651893	OK	 
REQUEST		Get artifact by ID	1633364651869	1633364651898	OK	 
REQUEST		Get artifact by ID	1633364652012	1633364652046	OK	 
REQUEST		Get artifact by ID	1633364652122	1633364652192	OK	 
REQUEST		Get artifact by ID	1633364652166	1633364652198	OK	 
REQUEST		Get artifact by ID	1633364652394	1633364652421	OK	 
REQUEST		Get artifact by ID	1633364652399	1633364652428	OK	 
REQUEST		Get artifact by ID	1633364652548	1633364652578	OK	 
REQUEST		Get artifact by ID	1633364652694	1633364652724	OK	 
REQUEST		Get artifact by ID	1633364652699	1633364652733	OK	 
REQUEST		Get artifact by ID	1633364652923	1633364652959	OK	 
REQUEST		Get artifact by ID	1633364652929	1633364652962	OK	 
REQUEST		Get artifact by ID	1633364653080	1633364653109	OK	 
REQUEST		Get artifact by ID	1633364653226	1633364653260	OK	 
REQUEST		Get artifact by ID	1633364653234	1633364653266	OK	 
REQUEST		Get artifact by ID	1633364653461	1633364653489	OK	 
REQUEST		Get artifact by ID	1633364653463	1633364653495	OK	 
REQUEST		Get artifact by ID	1633364653611	1633364653640	OK	 
REQUEST		Get artifact by ID	1633364653762	1633364653791	OK	 
REQUEST		Get artifact by ID	1633364653767	1633364653801	OK	 
REQUEST		Get artifact by ID	1633364653991	1633364654022	OK	 
REQUEST		Get artifact by ID	1633364653997	1633364654027	OK	 
REQUEST		Get artifact by ID	1633364654142	1633364654170	OK	 
REQUEST		Get artifact by ID	1633364654293	1633364654326	OK	 
REQUEST		Get artifact by ID	1633364654302	1633364654331	OK	 
REQUEST		Get artifact by ID	1633364654524	1633364654551	OK	 
REQUEST		Get artifact by ID	1633364654529	1633364654557	OK	 
REQUEST		Get artifact by ID	1633364654672	1633364654703	OK	 
REQUEST		Get artifact by ID	1633364654827	1633364654857	OK	 
REQUEST		Get artifact by ID	1633364654833	1633364654866	OK	 
REQUEST		Get artifact by ID	1633364655053	1633364655081	OK	 
REQUEST		Get artifact by ID	1633364655058	1633364655089	OK	 
REQUEST		Get artifact by ID	1633364655205	1633364655240	OK	 
REQUEST		Get artifact by ID	1633364655359	1633364655393	OK	 
REQUEST		Get artifact by ID	1633364655368	1633364655398	OK	 
REQUEST		Get artifact by ID	1633364655583	1633364655610	OK	 
REQUEST		Get artifact by ID	1633364655591	1633364655620	OK	 
REQUEST		Get artifact by ID	1633364655742	1633364655778	OK	 
REQUEST		Get artifact by ID	1633364655895	1633364655922	OK	 
REQUEST		Get artifact by ID	1633364655899	1633364655935	OK	 
REQUEST		Get artifact by ID	1633364656112	1633364656142	OK	 
REQUEST		Get artifact by ID	1633364656121	1633364656153	OK	 
REQUEST		Get artifact by ID	1633364656280	1633364656309	OK	 
REQUEST		Get artifact by ID	1633364656424	1633364656456	OK	 
REQUEST		Get artifact by ID	1633364656436	1633364656470	OK	 
REQUEST		Get artifact by ID	1633364656644	1633364656671	OK	 
REQUEST		Get artifact by ID	1633364656654	1633364656689	OK	 
REQUEST		Get artifact by ID	1633364656810	1633364656841	OK	 
REQUEST		Get artifact by ID	1633364656958	1633364656993	OK	 
REQUEST		Get artifact by ID	1633364656972	1633364657005	OK	 
REQUEST		Get artifact by ID	1633364657173	1633364657203	OK	 
REQUEST		Get artifact by ID	1633364657191	1633364657221	OK	 
REQUEST		Get artifact by ID	1633364657343	1633364657373	OK	 
REQUEST		Get artifact by ID	1633364657495	1633364657525	OK	 
REQUEST		Get artifact by ID	1633364657506	1633364657536	OK	 
REQUEST		Get artifact by ID	1633364657705	1633364657737	OK	 
REQUEST		Get artifact by ID	1633364657723	1633364657751	OK	 
REQUEST		Get artifact by ID	1633364657875	1633364657910	OK	 
REQUEST		Get artifact by ID	1633364658027	1633364658057	OK	 
REQUEST		Get artifact by ID	1633364658038	1633364658071	OK	 
REQUEST		Get artifact by ID	1633364658239	1633364658268	OK	 
REQUEST		Get artifact by ID	1633364658253	1633364658282	OK	 
REQUEST		Get artifact by ID	1633364658411	1633364658446	OK	 
REQUEST		Get artifact by ID	1633364658559	1633364658601	OK	 
REQUEST		Get artifact by ID	1633364658572	1633364658603	OK	 
REQUEST		Get artifact by ID	1633364658770	1633364658798	OK	 
REQUEST		Get artifact by ID	1633364658784	1633364658812	OK	 
REQUEST		Get artifact by ID	1633364658948	1633364658979	OK	 
REQUEST		Get artifact by ID	1633364659103	1633364659132	OK	 
REQUEST		Get artifact by ID	1633364659105	1633364659141	OK	 
REQUEST		Get artifact by ID	1633364659299	1633364659327	OK	 
REQUEST		Get artifact by ID	1633364659313	1633364659344	OK	 
REQUEST		Get artifact by ID	1633364659481	1633364659509	OK	 
REQUEST		Get artifact by ID	1633364659634	1633364659665	OK	 
REQUEST		Get artifact by ID	1633364659643	1633364659676	OK	 
REQUEST		Get artifact by ID	1633364659828	1633364659861	OK	 
REQUEST		Get artifact by ID	1633364659846	1633364659876	OK	 
REQUEST		Get artifact by ID	1633364660011	1633364660042	OK	 
REQUEST		Get artifact by ID	1633364660167	1633364660197	OK	 
REQUEST		Get artifact by ID	1633364660177	1633364660211	OK	 
REQUEST		Get artifact by ID	1633364660362	1633364660395	OK	 
REQUEST		Get artifact by ID	1633364660378	1633364660413	OK	 
REQUEST		Get artifact by ID	1633364660544	1633364660572	OK	 
REQUEST		Get artifact by ID	1633364660698	1633364660733	OK	 
REQUEST		Get artifact by ID	1633364660713	1633364660742	OK	 
REQUEST		Get artifact by ID	1633364660896	1633364660929	OK	 
REQUEST		Get artifact by ID	1633364660915	1633364660945	OK	 
REQUEST		Get artifact by ID	1633364661073	1633364661104	OK	 
REQUEST		Get artifact by ID	1633364661234	1633364661269	OK	 
REQUEST		Get artifact by ID	1633364661244	1633364661277	OK	 
REQUEST		Get artifact by ID	1633364661431	1633364661468	OK	 
REQUEST		Get artifact by ID	1633364661447	1633364661474	OK	 
REQUEST		Get artifact by ID	1633364661606	1633364661633	OK	 
REQUEST		Get artifact by ID	1633364661771	1633364661802	OK	 
REQUEST		Get artifact by ID	1633364661779	1633364661807	OK	 
REQUEST		Get artifact by ID	1633364661970	1633364661996	OK	 
REQUEST		Get artifact by ID	1633364661976	1633364662002	OK	 
REQUEST		Get artifact by ID	1633364662134	1633364662165	OK	 
REQUEST		Get artifact by ID	1633364662303	1633364662335	OK	 
REQUEST		Get artifact by ID	1633364662308	1633364662347	OK	 
REQUEST		Get artifact by ID	1633364662497	1633364662525	OK	 
REQUEST		Get artifact by ID	1633364662503	1633364662531	OK	 
REQUEST		Get artifact by ID	1633364662667	1633364662698	OK	 
REQUEST		Get artifact by ID	1633364662836	1633364662866	OK	 
REQUEST		Get artifact by ID	1633364662849	1633364662878	OK	 
REQUEST		Get artifact by ID	1633364663026	1633364663057	OK	 
REQUEST		Get artifact by ID	1633364663033	1633364663078	OK	 
REQUEST		Get artifact by ID	1633364663199	1633364663227	OK	 
REQUEST		Get artifact by ID	1633364663367	1633364663397	OK	 
REQUEST		Get artifact by ID	1633364663380	1633364663424	OK	 
REQUEST		Get artifact by ID	1633364663558	1633364663595	OK	 
REQUEST		Get artifact by ID	1633364663579	1633364663716	OK	 
REQUEST		Get artifact by ID	1633364663729	1633364663758	OK	 
REQUEST		Get artifact by ID	1633364663899	1633364663936	OK	 
REQUEST		Get artifact by ID	1633364663925	1633364663954	OK	 
REQUEST		Get artifact by ID	1633364664096	1633364664125	OK	 
REQUEST		Get artifact by ID	1633364664217	1633364664246	OK	 
REQUEST		Get artifact by ID	1633364664259	1633364664290	OK	 
REQUEST		Get artifact by ID	1633364664437	1633364664471	OK	 
REQUEST		Get artifact by ID	1633364664455	1633364664489	OK	 
REQUEST		Get artifact by ID	1633364664627	1633364664670	OK	 
REQUEST		Get artifact by ID	1633364664747	1633364664776	OK	 
REQUEST		Get artifact by ID	1633364664791	1633364664821	OK	 
REQUEST		Get artifact by ID	1633364664973	1633364665003	OK	 
REQUEST		Get artifact by ID	1633364664991	1633364665022	OK	 
REQUEST		Get artifact by ID	1633364665172	1633364665200	OK	 
REQUEST		Get artifact by ID	1633364665278	1633364665307	OK	 
REQUEST		Get artifact by ID	1633364665322	1633364665354	OK	 
REQUEST		Get artifact by ID	1633364665505	1633364665537	OK	 
REQUEST		Get artifact by ID	1633364665523	1633364665561	OK	 
REQUEST		Get artifact by ID	1633364665701	1633364665730	OK	 
REQUEST		Get artifact by ID	1633364665809	1633364665840	OK	 
REQUEST		Get artifact by ID	1633364665856	1633364665886	OK	 
REQUEST		Get artifact by ID	1633364666038	1633364666069	OK	 
REQUEST		Get artifact by ID	1633364666062	1633364666092	OK	 
REQUEST		Get artifact by ID	1633364666232	1633364666259	OK	 
REQUEST		Get artifact by ID	1633364666341	1633364666370	OK	 
REQUEST		Get artifact by ID	1633364666387	1633364666417	OK	 
REQUEST		Get artifact by ID	1633364666570	1633364666599	OK	 
REQUEST		Get artifact by ID	1633364666594	1633364666627	OK	 
REQUEST		Get artifact by ID	1633364666761	1633364666789	OK	 
REQUEST		Get artifact by ID	1633364666872	1633364666910	OK	 
REQUEST		Get artifact by ID	1633364666920	1633364666951	OK	 
REQUEST		Get artifact by ID	1633364667101	1633364667138	OK	 
REQUEST		Get artifact by ID	1633364667129	1633364667159	OK	 
REQUEST		Get artifact by ID	1633364667291	1633364667319	OK	 
REQUEST		Get artifact by ID	1633364667412	1633364667446	OK	 
REQUEST		Get artifact by ID	1633364667452	1633364667482	OK	 
REQUEST		Get artifact by ID	1633364667640	1633364667669	OK	 
REQUEST		Get artifact by ID	1633364667661	1633364667693	OK	 
REQUEST		Get artifact by ID	1633364667821	1633364667851	OK	 
REQUEST		Get artifact by ID	1633364667948	1633364667977	OK	 
REQUEST		Get artifact by ID	1633364667983	1633364668011	OK	 
REQUEST		Get artifact by ID	1633364668171	1633364668201	OK	 
REQUEST		Get artifact by ID	1633364668195	1633364668228	OK	 
REQUEST		Get artifact by ID	1633364668352	1633364668381	OK	 
REQUEST		Get artifact by ID	1633364668479	1633364668508	OK	 
REQUEST		Get artifact by ID	1633364668512	1633364668541	OK	 
REQUEST		Get artifact by ID	1633364668703	1633364668732	OK	 
REQUEST		Get artifact by ID	1633364668729	1633364668761	OK	 
REQUEST		Get artifact by ID	1633364668883	1633364668912	OK	 
REQUEST		Get artifact by ID	1633364669009	1633364669041	OK	 
REQUEST		Get artifact by ID	1633364669043	1633364669071	OK	 
REQUEST		Get artifact by ID	1633364669234	1633364669265	OK	 
REQUEST		Get artifact by ID	1633364669263	1633364669293	OK	 
REQUEST		Get artifact by ID	1633364669414	1633364669442	OK	 
REQUEST		Get artifact by ID	1633364669543	1633364669571	OK	 
REQUEST		Get artifact by ID	1633364669573	1633364669604	OK	 
REQUEST		Get artifact by ID	1633364669766	1633364669795	OK	 
REQUEST		Get artifact by ID	1633364669794	1633364669831	OK	 
REQUEST		Get artifact by ID	1633364669943	1633364669974	OK	 
REQUEST		Get artifact by ID	1633364670074	1633364670103	OK	 
REQUEST		Get artifact by ID	1633364670105	1633364670134	OK	 
REQUEST		Get artifact by ID	1633364670296	1633364670325	OK	 
REQUEST		Get artifact by ID	1633364670332	1633364670361	OK	 
REQUEST		Get artifact by ID	1633364670475	1633364670503	OK	 
REQUEST		Get artifact by ID	1633364670605	1633364670633	OK	 
REQUEST		Get artifact by ID	1633364670635	1633364670665	OK	 
REQUEST		Get artifact by ID	1633364670826	1633364670854	OK	 
REQUEST		Get artifact by ID	1633364670863	1633364670899	OK	 
REQUEST		Get artifact by ID	1633364671005	1633364671033	OK	 
REQUEST		Get artifact by ID	1633364671135	1633364671165	OK	 
REQUEST		Get artifact by ID	1633364671166	1633364671199	OK	 
REQUEST		Get artifact by ID	1633364671355	1633364671386	OK	 
REQUEST		Get artifact by ID	1633364671400	1633364671440	OK	 
REQUEST		Get artifact by ID	1633364671535	1633364671563	OK	 
REQUEST		Get artifact by ID	1633364671667	1633364671695	OK	 
REQUEST		Get artifact by ID	1633364671700	1633364671729	OK	 
REQUEST		Get artifact by ID	1633364671887	1633364671917	OK	 
REQUEST		Get artifact by ID	1633364671942	1633364672006	OK	 
REQUEST		Get artifact by ID	1633364672065	1633364672093	OK	 
REQUEST		Get artifact by ID	1633364672197	1633364672227	OK	 
REQUEST		Get artifact by ID	1633364672231	1633364672259	OK	 
REQUEST		Get artifact by ID	1633364672418	1633364672450	OK	 
REQUEST		Get artifact by ID	1633364672508	1633364672538	OK	 
REQUEST		Get artifact by ID	1633364672594	1633364672626	OK	 
REQUEST		Get artifact by ID	1633364672729	1633364672758	OK	 
REQUEST		Get artifact by ID	1633364672761	1633364672795	OK	 
REQUEST		Get artifact by ID	1633364672952	1633364672987	OK	 
REQUEST		Get artifact by ID	1633364673040	1633364673075	OK	 
REQUEST		Get artifact by ID	1633364673128	1633364673160	OK	 
REQUEST		Get artifact by ID	1633364673260	1633364673290	OK	 
REQUEST		Get artifact by ID	1633364673297	1633364673335	OK	 
REQUEST		Get artifact by ID	1633364673488	1633364673518	OK	 
REQUEST		Get artifact by ID	1633364673576	1633364673607	OK	 
REQUEST		Get artifact by ID	1633364673662	1633364673690	OK	 
REQUEST		Get artifact by ID	1633364673792	1633364673820	OK	 
REQUEST		Get artifact by ID	1633364673837	1633364673867	OK	 
REQUEST		Get artifact by ID	1633364674019	1633364674050	OK	 
REQUEST		Get artifact by ID	1633364674109	1633364674147	OK	 
REQUEST		Get artifact by ID	1633364674191	1633364674221	OK	 
REQUEST		Get artifact by ID	1633364674322	1633364674353	OK	 
REQUEST		Get artifact by ID	1633364674369	1633364674406	OK	 
REQUEST		Get artifact by ID	1633364674551	1633364674587	OK	 
REQUEST		Get artifact by ID	1633364674649	1633364674686	OK	 
REQUEST		Get artifact by ID	1633364674724	1633364674758	OK	 
REQUEST		Get artifact by ID	1633364674854	1633364674885	OK	 
REQUEST		Get artifact by ID	1633364674907	1633364674935	OK	 
REQUEST		Get artifact by ID	1633364675089	1633364675117	OK	 
REQUEST		Get artifact by ID	1633364675187	1633364675222	OK	 
REQUEST		Get artifact by ID	1633364675261	1633364675297	OK	 
REQUEST		Get artifact by ID	1633364675387	1633364675422	OK	 
REQUEST		Get artifact by ID	1633364675436	1633364675473	OK	 
REQUEST		Get artifact by ID	1633364675618	1633364675653	OK	 
REQUEST		Get artifact by ID	1633364675723	1633364675757	OK	 
REQUEST		Get artifact by ID	1633364675799	1633364675828	OK	 
REQUEST		Get artifact by ID	1633364675923	1633364675952	OK	 
REQUEST		Get artifact by ID	1633364675974	1633364676003	OK	 
REQUEST		Get artifact by ID	1633364676155	1633364676183	OK	 
REQUEST		Get artifact by ID	1633364676258	1633364676291	OK	 
REQUEST		Get artifact by ID	1633364676329	1633364676361	OK	 
REQUEST		Get artifact by ID	1633364676453	1633364676486	OK	 
REQUEST		Get artifact by ID	1633364676504	1633364676531	OK	 
REQUEST		Get artifact by ID	1633364676684	1633364676715	OK	 
REQUEST		Get artifact by ID	1633364676793	1633364676823	OK	 
REQUEST		Get artifact by ID	1633364676987	1633364677018	OK	 
REQUEST		Get artifact by ID	1633364677032	1633364677061	OK	 
REQUEST		Delete registry instance	1633364676863	1633364677138	OK	 
USER	E2E Service Registry Simulation	END	1633364677143
REQUEST		Get artifact by ID	1633364677216	1633364677249	OK	 
REQUEST		Delete registry instance	1633364677325	1633364677425	OK	 
USER	E2E Service Registry Simulation	END	1633364677427
REQUEST		Get artifact by ID	1633364677519	1633364677552	OK	 
REQUEST		Get artifact by ID	1633364677563	1633364677590	OK	 
REQUEST		Delete registry instance	1633364677751	1633364677862	OK	 
USER	E2E Service Registry Simulation	END	1633364677864
REQUEST		Get artifact by ID	1633364678054	1633364678084	OK	 
REQUEST		Get artifact by ID	1633364678091	1633364678119	OK	 
REQUEST		Get artifact by ID	1633364678586	1633364678619	OK	 
REQUEST		Delete registry instance	1633364678620	1633364678710	OK	 
USER	E2E Service Registry Simulation	END	1633364678712
REQUEST		Get artifact by ID	1633364679121	1633364679152	OK	 
REQUEST		Delete registry instance	1633364679654	1633364679767	OK	 
USER	E2E Service Registry Simulation	END	1633364679769
