RUN	simulations.End2EndSimulation	end2endsimulation	1633623039996	 	3.5.1
USER	E2E Service Registry Simulation	START	1633623040983
REQUEST		Create registry instance	1633623041090	1633623042230	OK	 
REQUEST		Check instance status	1633623042322	1633623042387	OK	 
REQUEST		Get instance url	1633623042392	1633623042464	OK	 
REQUEST		Get Developer principalId	1633623042747	1633623042910	OK	 
REQUEST		Grant access to Developer principalId	1633623043044	1633623043073	OK	 
REQUEST		Create artifact	1633623043077	1633623043117	OK	 
REQUEST		Search artifacts	1633623043122	1633623043148	OK	 
REQUEST		Get artifact by ID	1633623043173	1633623043201	OK	 
REQUEST		Get artifact by ID	1633623043706	1633623043739	OK	 
REQUEST		Get artifact by ID	1633623044241	1633623044267	OK	 
REQUEST		Get artifact by ID	1633623044769	1633623044806	OK	 
USER	E2E Service Registry Simulation	START	1633623044967
REQUEST		Get artifact by ID	1633623045308	1633623045335	OK	 
REQUEST		Get artifact by ID	1633623045837	1633623045863	OK	 
REQUEST		Create registry instance	1633623044968	1633623046191	OK	 
REQUEST		Check instance status	1633623046193	1633623046256	OK	 
REQUEST		Get artifact by ID	1633623046365	1633623046392	OK	 
REQUEST		Get artifact by ID	1633623046895	1633623046919	OK	 
REQUEST		Check instance status	1633623047259	1633623047298	OK	 
REQUEST		Get instance url	1633623047300	1633623047332	OK	 
REQUEST		Get artifact by ID	1633623047421	1633623047447	OK	 
REQUEST		Get Developer principalId	1633623047334	1633623047476	OK	 
REQUEST		Grant access to Developer principalId	1633623047479	1633623047506	OK	 
REQUEST		Create artifact	1633623047507	1633623047554	OK	 
REQUEST		Search artifacts	1633623047557	1633623047584	OK	 
REQUEST		Get artifact by ID	1633623047586	1633623047616	OK	 
REQUEST		Get artifact by ID	1633623047949	1633623047973	OK	 
REQUEST		Get artifact by ID	1633623048118	1633623048149	OK	 
REQUEST		Delete registry instance	1633623048475	1633623048536	OK	 
USER	E2E Service Registry Simulation	END	1633623048543
REQUEST		Get artifact by ID	1633623048651	1633623048690	OK	 
REQUEST		Get artifact by ID	1633623049192	1633623049218	OK	 
REQUEST		Get artifact by ID	1633623049720	1633623049755	OK	 
REQUEST		Get artifact by ID	1633623050257	1633623050285	OK	 
REQUEST		Get artifact by ID	1633623050786	1633623050816	OK	 
REQUEST		Get artifact by ID	1633623051317	1633623051345	OK	 
REQUEST		Get artifact by ID	1633623051846	1633623051878	OK	 
REQUEST		Get artifact by ID	1633623052380	1633623052406	OK	 
REQUEST		Delete registry instance	1633623052908	1633623052956	OK	 
USER	E2E Service Registry Simulation	END	1633623052958
