RUN	simulations.End2EndSimulation	end2endsimulation	1633431461191	 	3.5.1
USER	E2E Service Registry Simulation	START	1633431461838
REQUEST		Create registry instance	1633431461919	1633431464867	OK	 
REQUEST		Check instance status	1633431464924	1633431465232	OK	 
REQUEST		Get instance url	1633431465239	1633431465381	OK	 
REQUEST		Get Developer principalId	1633431467572	1633431469781	OK	 
REQUEST		Grant access to Developer principalId	1633431470971	1633431471095	OK	 
REQUEST		Create artifact	1633431471103	1633431472601	OK	 
REQUEST		Search artifacts	1633431472606	1633431472725	OK	 
REQUEST		Get artifact by ID	1633431472727	1633431473055	OK	 
REQUEST		Get artifact by ID	1633431473562	1633431474361	OK	 
REQUEST		Get artifact by ID	1633431474865	1633431476185	OK	 
REQUEST		Get artifact by ID	1633431476688	1633431479513	OK	 
REQUEST		Get artifact by ID	1633431480015	1633431482605	OK	 
REQUEST		Get artifact by ID	1633431483108	1633431483310	OK	 
REQUEST		Get artifact by ID	1633431483813	1633431484653	OK	 
REQUEST		Get artifact by ID	1633431485156	1633431485283	OK	 
REQUEST		Get artifact by ID	1633431485785	1633431486014	OK	 
REQUEST		Get artifact by ID	1633431486517	1633431486657	OK	 
REQUEST		Delete registry instance	1633431487159	1633431487317	OK	 
USER	E2E Service Registry Simulation	END	1633431487321
