RUN	simulations.End2EndSimulation	end2endsimulation	1633366031419	 	3.5.1
USER	E2E Service Registry Simulation	START	1633366032753
USER	E2E Service Registry Simulation	START	1633366033743
REQUEST		Create registry instance	1633366032861	1633366034196	OK	 
REQUEST		Check instance status	1633366034286	1633366034332	OK	 
USER	E2E Service Registry Simulation	START	1633366034744
REQUEST		Create registry instance	1633366033744	1633366035079	OK	 
REQUEST		Check instance status	1633366035082	1633366035121	OK	 
REQUEST		Check instance status	1633366035341	1633366035400	OK	 
REQUEST		Get instance url	1633366035404	1633366035438	OK	 
USER	E2E Service Registry Simulation	START	1633366035732
REQUEST		Create registry instance	1633366034745	1633366035869	OK	 
REQUEST		Check instance status	1633366035871	1633366035937	OK	 
REQUEST		Get Developer principalId	1633366035798	1633366036157	OK	 
REQUEST		Check instance status	1633366036124	1633366036169	OK	 
REQUEST		Get instance url	1633366036171	1633366036219	OK	 
REQUEST		Grant access to Developer principalId	1633366036260	1633366036305	OK	 
REQUEST		Get Developer principalId	1633366036259	1633366036337	OK	 
REQUEST		Create artifact	1633366036309	1633366036345	OK	 
REQUEST		Search artifacts	1633366036349	1633366036378	OK	 
REQUEST		Grant access to Developer principalId	1633366036339	1633366036386	OK	 
REQUEST		Get artifact by ID	1633366036382	1633366036414	OK	 
REQUEST		Create artifact	1633366036388	1633366036430	OK	 
REQUEST		Search artifacts	1633366036432	1633366036467	OK	 
REQUEST		Get artifact by ID	1633366036469	1633366036499	OK	 
REQUEST		Create registry instance	1633366035797	1633366036693	OK	 
USER	E2E Service Registry Simulation	START	1633366036732
REQUEST		Check instance status	1633366036696	1633366036737	OK	 
REQUEST		Get artifact by ID	1633366036916	1633366036947	OK	 
REQUEST		Check instance status	1633366036939	1633366036974	OK	 
REQUEST		Get instance url	1633366036976	1633366037012	OK	 
REQUEST		Get artifact by ID	1633366037001	1633366037033	OK	 
REQUEST		Get Developer principalId	1633366037014	1633366037095	OK	 
REQUEST		Grant access to Developer principalId	1633366037098	1633366037128	OK	 
REQUEST		Create artifact	1633366037129	1633366037170	OK	 
REQUEST		Search artifacts	1633366037173	1633366037202	OK	 
REQUEST		Get artifact by ID	1633366037204	1633366037232	OK	 
REQUEST		Get artifact by ID	1633366037449	1633366037484	OK	 
REQUEST		Get artifact by ID	1633366037536	1633366037572	OK	 
REQUEST		Create registry instance	1633366036733	1633366037718	OK	 
REQUEST		Check instance status	1633366037720	1633366037760	OK	 
REQUEST		Get artifact by ID	1633366037734	1633366037762	OK	 
REQUEST		Check instance status	1633366037739	1633366037779	OK	 
REQUEST		Get instance url	1633366037781	1633366037819	OK	 
REQUEST		Get Developer principalId	1633366037820	1633366037896	OK	 
REQUEST		Grant access to Developer principalId	1633366037898	1633366037926	OK	 
REQUEST		Create artifact	1633366037927	1633366037961	OK	 
REQUEST		Search artifacts	1633366037963	1633366037991	OK	 
REQUEST		Get artifact by ID	1633366037986	1633366038016	OK	 
REQUEST		Get artifact by ID	1633366037993	1633366038021	OK	 
REQUEST		Get artifact by ID	1633366038075	1633366038108	OK	 
REQUEST		Get artifact by ID	1633366038264	1633366038294	OK	 
REQUEST		Get artifact by ID	1633366038518	1633366038550	OK	 
REQUEST		Get artifact by ID	1633366038523	1633366038556	OK	 
REQUEST		Get artifact by ID	1633366038610	1633366038642	OK	 
REQUEST		Check instance status	1633366038763	1633366038800	OK	 
REQUEST		Get artifact by ID	1633366038795	1633366038827	OK	 
REQUEST		Get instance url	1633366038801	1633366038841	OK	 
REQUEST		Get Developer principalId	1633366038843	1633366038920	OK	 
REQUEST		Grant access to Developer principalId	1633366038922	1633366038951	OK	 
REQUEST		Create artifact	1633366038953	1633366038989	OK	 
REQUEST		Search artifacts	1633366038992	1633366039022	OK	 
REQUEST		Get artifact by ID	1633366039024	1633366039050	OK	 
REQUEST		Get artifact by ID	1633366039052	1633366039081	OK	 
REQUEST		Get artifact by ID	1633366039058	1633366039086	OK	 
REQUEST		Get artifact by ID	1633366039144	1633366039175	OK	 
REQUEST		Get artifact by ID	1633366039329	1633366039360	OK	 
REQUEST		Get artifact by ID	1633366039553	1633366039583	OK	 
REQUEST		Get artifact by ID	1633366039583	1633366039614	OK	 
REQUEST		Get artifact by ID	1633366039588	1633366039617	OK	 
REQUEST		Get artifact by ID	1633366039677	1633366039708	OK	 
REQUEST		Get artifact by ID	1633366039862	1633366039895	OK	 
REQUEST		Get artifact by ID	1633366040086	1633366040116	OK	 
REQUEST		Get artifact by ID	1633366040116	1633366040152	OK	 
REQUEST		Get artifact by ID	1633366040119	1633366040159	OK	 
REQUEST		Get artifact by ID	1633366040209	1633366040247	OK	 
REQUEST		Get artifact by ID	1633366040397	1633366040425	OK	 
REQUEST		Get artifact by ID	1633366040618	1633366040648	OK	 
REQUEST		Get artifact by ID	1633366040654	1633366040684	OK	 
REQUEST		Get artifact by ID	1633366040661	1633366040686	OK	 
REQUEST		Get artifact by ID	1633366040749	1633366040783	OK	 
REQUEST		Get artifact by ID	1633366040927	1633366040958	OK	 
REQUEST		Get artifact by ID	1633366041150	1633366041181	OK	 
REQUEST		Get artifact by ID	1633366041186	1633366041216	OK	 
REQUEST		Get artifact by ID	1633366041188	1633366041219	OK	 
REQUEST		Get artifact by ID	1633366041285	1633366041324	OK	 
REQUEST		Get artifact by ID	1633366041460	1633366041488	OK	 
REQUEST		Get artifact by ID	1633366041684	1633366041711	OK	 
REQUEST		Get artifact by ID	1633366041720	1633366041745	OK	 
REQUEST		Get artifact by ID	1633366041718	1633366041750	OK	 
REQUEST		Get artifact by ID	1633366041826	1633366041856	OK	 
REQUEST		Get artifact by ID	1633366041990	1633366042021	OK	 
REQUEST		Get artifact by ID	1633366042214	1633366042242	OK	 
REQUEST		Get artifact by ID	1633366042247	1633366042275	OK	 
REQUEST		Get artifact by ID	1633366042252	1633366042282	OK	 
REQUEST		Get artifact by ID	1633366042358	1633366042393	OK	 
REQUEST		Get artifact by ID	1633366042522	1633366042551	OK	 
REQUEST		Get artifact by ID	1633366042744	1633366042773	OK	 
REQUEST		Get artifact by ID	1633366042777	1633366042804	OK	 
REQUEST		Get artifact by ID	1633366042784	1633366042814	OK	 
REQUEST		Get artifact by ID	1633366042895	1633366042929	OK	 
REQUEST		Get artifact by ID	1633366043053	1633366043083	OK	 
REQUEST		Get artifact by ID	1633366043275	1633366043304	OK	 
REQUEST		Get artifact by ID	1633366043305	1633366043333	OK	 
REQUEST		Get artifact by ID	1633366043315	1633366043356	OK	 
REQUEST		Get artifact by ID	1633366043431	1633366043468	OK	 
REQUEST		Get artifact by ID	1633366043585	1633366043668	OK	 
REQUEST		Get artifact by ID	1633366043806	1633366043833	OK	 
REQUEST		Get artifact by ID	1633366043835	1633366043861	OK	 
REQUEST		Get artifact by ID	1633366043858	1633366043889	OK	 
REQUEST		Get artifact by ID	1633366043970	1633366044000	OK	 
REQUEST		Get artifact by ID	1633366044170	1633366044199	OK	 
REQUEST		Get artifact by ID	1633366044335	1633366044369	OK	 
REQUEST		Get artifact by ID	1633366044363	1633366044394	OK	 
REQUEST		Get artifact by ID	1633366044390	1633366044419	OK	 
REQUEST		Get artifact by ID	1633366044502	1633366044536	OK	 
REQUEST		Get artifact by ID	1633366044700	1633366044729	OK	 
REQUEST		Get artifact by ID	1633366044872	1633366044905	OK	 
REQUEST		Get artifact by ID	1633366044895	1633366044920	OK	 
REQUEST		Get artifact by ID	1633366044920	1633366044953	OK	 
REQUEST		Get artifact by ID	1633366045038	1633366045068	OK	 
REQUEST		Get artifact by ID	1633366045231	1633366045261	OK	 
REQUEST		Get artifact by ID	1633366045406	1633366045433	OK	 
REQUEST		Get artifact by ID	1633366045422	1633366045450	OK	 
REQUEST		Get artifact by ID	1633366045455	1633366045485	OK	 
REQUEST		Get artifact by ID	1633366045570	1633366045602	OK	 
REQUEST		Get artifact by ID	1633366045763	1633366045792	OK	 
REQUEST		Get artifact by ID	1633366045935	1633366045963	OK	 
REQUEST		Get artifact by ID	1633366045951	1633366045979	OK	 
REQUEST		Get artifact by ID	1633366045986	1633366046016	OK	 
REQUEST		Get artifact by ID	1633366046104	1633366046137	OK	 
REQUEST		Get artifact by ID	1633366046294	1633366046321	OK	 
REQUEST		Get artifact by ID	1633366046465	1633366046495	OK	 
REQUEST		Get artifact by ID	1633366046482	1633366046514	OK	 
REQUEST		Get artifact by ID	1633366046518	1633366046550	OK	 
REQUEST		Get artifact by ID	1633366046638	1633366046674	OK	 
REQUEST		Get artifact by ID	1633366046823	1633366046930	OK	 
REQUEST		Get artifact by ID	1633366046997	1633366047026	OK	 
REQUEST		Get artifact by ID	1633366047015	1633366047044	OK	 
REQUEST		Get artifact by ID	1633366047051	1633366047083	OK	 
REQUEST		Get artifact by ID	1633366047175	1633366047206	OK	 
REQUEST		Get artifact by ID	1633366047432	1633366047461	OK	 
REQUEST		Get artifact by ID	1633366047528	1633366047554	OK	 
REQUEST		Get artifact by ID	1633366047546	1633366047573	OK	 
REQUEST		Get artifact by ID	1633366047584	1633366047613	OK	 
REQUEST		Get artifact by ID	1633366047708	1633366047741	OK	 
REQUEST		Get artifact by ID	1633366047963	1633366047993	OK	 
REQUEST		Get artifact by ID	1633366048056	1633366048086	OK	 
REQUEST		Get artifact by ID	1633366048075	1633366048104	OK	 
REQUEST		Get artifact by ID	1633366048115	1633366048146	OK	 
REQUEST		Get artifact by ID	1633366048243	1633366048343	OK	 
REQUEST		Get artifact by ID	1633366048494	1633366048522	OK	 
REQUEST		Get artifact by ID	1633366048587	1633366048618	OK	 
REQUEST		Get artifact by ID	1633366048605	1633366048632	OK	 
REQUEST		Get artifact by ID	1633366048647	1633366048676	OK	 
REQUEST		Get artifact by ID	1633366048845	1633366048876	OK	 
REQUEST		Get artifact by ID	1633366049024	1633366049056	OK	 
REQUEST		Get artifact by ID	1633366049120	1633366049148	OK	 
REQUEST		Get artifact by ID	1633366049134	1633366049160	OK	 
REQUEST		Get artifact by ID	1633366049177	1633366049207	OK	 
REQUEST		Get artifact by ID	1633366049378	1633366049407	OK	 
REQUEST		Get artifact by ID	1633366049558	1633366049588	OK	 
REQUEST		Get artifact by ID	1633366049650	1633366049676	OK	 
REQUEST		Get artifact by ID	1633366049662	1633366049696	OK	 
REQUEST		Get artifact by ID	1633366049709	1633366049738	OK	 
REQUEST		Get artifact by ID	1633366049909	1633366049944	OK	 
REQUEST		Get artifact by ID	1633366050090	1633366050121	OK	 
REQUEST		Get artifact by ID	1633366050178	1633366050204	OK	 
REQUEST		Get artifact by ID	1633366050197	1633366050227	OK	 
REQUEST		Get artifact by ID	1633366050240	1633366050268	OK	 
REQUEST		Get artifact by ID	1633366050445	1633366050478	OK	 
REQUEST		Get artifact by ID	1633366050623	1633366050652	OK	 
REQUEST		Get artifact by ID	1633366050706	1633366050734	OK	 
REQUEST		Get artifact by ID	1633366050729	1633366050757	OK	 
REQUEST		Get artifact by ID	1633366050770	1633366050799	OK	 
REQUEST		Get artifact by ID	1633366050979	1633366051026	OK	 
REQUEST		Get artifact by ID	1633366051154	1633366051183	OK	 
REQUEST		Get artifact by ID	1633366051235	1633366051262	OK	 
REQUEST		Get artifact by ID	1633366051258	1633366051286	OK	 
REQUEST		Get artifact by ID	1633366051301	1633366051333	OK	 
REQUEST		Get artifact by ID	1633366051527	1633366051564	OK	 
REQUEST		Get artifact by ID	1633366051685	1633366051718	OK	 
REQUEST		Get artifact by ID	1633366051763	1633366051792	OK	 
REQUEST		Get artifact by ID	1633366051787	1633366051815	OK	 
REQUEST		Get artifact by ID	1633366051835	1633366051869	OK	 
REQUEST		Get artifact by ID	1633366052066	1633366052100	OK	 
REQUEST		Get artifact by ID	1633366052220	1633366052250	OK	 
REQUEST		Get artifact by ID	1633366052294	1633366052324	OK	 
REQUEST		Get artifact by ID	1633366052317	1633366052347	OK	 
REQUEST		Get artifact by ID	1633366052370	1633366052403	OK	 
REQUEST		Get artifact by ID	1633366052602	1633366052640	OK	 
REQUEST		Get artifact by ID	1633366052751	1633366052781	OK	 
REQUEST		Get artifact by ID	1633366052825	1633366052856	OK	 
REQUEST		Get artifact by ID	1633366052848	1633366052882	OK	 
REQUEST		Get artifact by ID	1633366052905	1633366052941	OK	 
REQUEST		Get artifact by ID	1633366053142	1633366053175	OK	 
REQUEST		Get artifact by ID	1633366053282	1633366053311	OK	 
REQUEST		Get artifact by ID	1633366053358	1633366053388	OK	 
REQUEST		Get artifact by ID	1633366053383	1633366053423	OK	 
REQUEST		Get artifact by ID	1633366053442	1633366053473	OK	 
REQUEST		Get artifact by ID	1633366053676	1633366053708	OK	 
REQUEST		Get artifact by ID	1633366053813	1633366053845	OK	 
REQUEST		Get artifact by ID	1633366053890	1633366053921	OK	 
REQUEST		Get artifact by ID	1633366053924	1633366053950	OK	 
REQUEST		Get artifact by ID	1633366053975	1633366054004	OK	 
REQUEST		Get artifact by ID	1633366054209	1633366054244	OK	 
REQUEST		Get artifact by ID	1633366054346	1633366054377	OK	 
REQUEST		Get artifact by ID	1633366054422	1633366054456	OK	 
REQUEST		Get artifact by ID	1633366054452	1633366054480	OK	 
REQUEST		Get artifact by ID	1633366054505	1633366054534	OK	 
REQUEST		Get artifact by ID	1633366054745	1633366054787	OK	 
REQUEST		Get artifact by ID	1633366054878	1633366054907	OK	 
REQUEST		Get artifact by ID	1633366054958	1633366054984	OK	 
REQUEST		Get artifact by ID	1633366054982	1633366055018	OK	 
REQUEST		Get artifact by ID	1633366055036	1633366055066	OK	 
REQUEST		Get artifact by ID	1633366055289	1633366055325	OK	 
REQUEST		Get artifact by ID	1633366055408	1633366055436	OK	 
REQUEST		Get artifact by ID	1633366055485	1633366055516	OK	 
REQUEST		Get artifact by ID	1633366055520	1633366055547	OK	 
REQUEST		Get artifact by ID	1633366055568	1633366055605	OK	 
REQUEST		Get artifact by ID	1633366055826	1633366055856	OK	 
REQUEST		Get artifact by ID	1633366055938	1633366055967	OK	 
REQUEST		Get artifact by ID	1633366056018	1633366056046	OK	 
REQUEST		Get artifact by ID	1633366056049	1633366056078	OK	 
REQUEST		Get artifact by ID	1633366056107	1633366056142	OK	 
REQUEST		Get artifact by ID	1633366056357	1633366056391	OK	 
REQUEST		Get artifact by ID	1633366056469	1633366056498	OK	 
REQUEST		Get artifact by ID	1633366056548	1633366056575	OK	 
REQUEST		Get artifact by ID	1633366056579	1633366056607	OK	 
REQUEST		Get artifact by ID	1633366056643	1633366056677	OK	 
REQUEST		Get artifact by ID	1633366056892	1633366056924	OK	 
REQUEST		Get artifact by ID	1633366056999	1633366057029	OK	 
REQUEST		Get artifact by ID	1633366057077	1633366057108	OK	 
REQUEST		Get artifact by ID	1633366057108	1633366057136	OK	 
REQUEST		Get artifact by ID	1633366057178	1633366057213	OK	 
REQUEST		Get artifact by ID	1633366057426	1633366057458	OK	 
REQUEST		Get artifact by ID	1633366057530	1633366057558	OK	 
REQUEST		Get artifact by ID	1633366057610	1633366057640	OK	 
REQUEST		Get artifact by ID	1633366057638	1633366057665	OK	 
REQUEST		Get artifact by ID	1633366057715	1633366057748	OK	 
REQUEST		Get artifact by ID	1633366057960	1633366057992	OK	 
REQUEST		Get artifact by ID	1633366058059	1633366058088	OK	 
REQUEST		Get artifact by ID	1633366058142	1633366058170	OK	 
REQUEST		Get artifact by ID	1633366058166	1633366058194	OK	 
REQUEST		Get artifact by ID	1633366058251	1633366058283	OK	 
REQUEST		Get artifact by ID	1633366058494	1633366058526	OK	 
REQUEST		Get artifact by ID	1633366058590	1633366058619	OK	 
REQUEST		Get artifact by ID	1633366058671	1633366058708	OK	 
REQUEST		Get artifact by ID	1633366058696	1633366058725	OK	 
REQUEST		Get artifact by ID	1633366058785	1633366058815	OK	 
REQUEST		Get artifact by ID	1633366059027	1633366059060	OK	 
REQUEST		Get artifact by ID	1633366059120	1633366059148	OK	 
REQUEST		Get artifact by ID	1633366059209	1633366059237	OK	 
REQUEST		Get artifact by ID	1633366059226	1633366059255	OK	 
REQUEST		Get artifact by ID	1633366059317	1633366059346	OK	 
REQUEST		Get artifact by ID	1633366059562	1633366059603	OK	 
REQUEST		Get artifact by ID	1633366059650	1633366059678	OK	 
REQUEST		Get artifact by ID	1633366059739	1633366059766	OK	 
REQUEST		Get artifact by ID	1633366059756	1633366059786	OK	 
REQUEST		Get artifact by ID	1633366059847	1633366059882	OK	 
REQUEST		Get artifact by ID	1633366060104	1633366060139	OK	 
REQUEST		Get artifact by ID	1633366060181	1633366060215	OK	 
REQUEST		Get artifact by ID	1633366060267	1633366060296	OK	 
REQUEST		Get artifact by ID	1633366060287	1633366060317	OK	 
REQUEST		Get artifact by ID	1633366060383	1633366060415	OK	 
REQUEST		Get artifact by ID	1633366060641	1633366060674	OK	 
REQUEST		Get artifact by ID	1633366060717	1633366060744	OK	 
REQUEST		Get artifact by ID	1633366060797	1633366060824	OK	 
REQUEST		Get artifact by ID	1633366060818	1633366060845	OK	 
REQUEST		Get artifact by ID	1633366060917	1633366060948	OK	 
REQUEST		Get artifact by ID	1633366061175	1633366061210	OK	 
REQUEST		Get artifact by ID	1633366061246	1633366061277	OK	 
REQUEST		Get artifact by ID	1633366061325	1633366061357	OK	 
REQUEST		Get artifact by ID	1633366061346	1633366061373	OK	 
REQUEST		Get artifact by ID	1633366061449	1633366061476	OK	 
REQUEST		Get artifact by ID	1633366061711	1633366061748	OK	 
REQUEST		Get artifact by ID	1633366061779	1633366061807	OK	 
REQUEST		Get artifact by ID	1633366061859	1633366061885	OK	 
REQUEST		Get artifact by ID	1633366061875	1633366061905	OK	 
REQUEST		Get artifact by ID	1633366061978	1633366062006	OK	 
REQUEST		Get artifact by ID	1633366062249	1633366062279	OK	 
REQUEST		Get artifact by ID	1633366062308	1633366062341	OK	 
REQUEST		Get artifact by ID	1633366062387	1633366062413	OK	 
REQUEST		Get artifact by ID	1633366062406	1633366062433	OK	 
REQUEST		Get artifact by ID	1633366062508	1633366062538	OK	 
REQUEST		Get artifact by ID	1633366062781	1633366062813	OK	 
REQUEST		Get artifact by ID	1633366062843	1633366062881	OK	 
REQUEST		Get artifact by ID	1633366062914	1633366062948	OK	 
REQUEST		Get artifact by ID	1633366062935	1633366062961	OK	 
REQUEST		Get artifact by ID	1633366063040	1633366063071	OK	 
REQUEST		Get artifact by ID	1633366063314	1633366063352	OK	 
REQUEST		Get artifact by ID	1633366063382	1633366063415	OK	 
REQUEST		Get artifact by ID	1633366063449	1633366063475	OK	 
REQUEST		Get artifact by ID	1633366063462	1633366063499	OK	 
REQUEST		Get artifact by ID	1633366063573	1633366063601	OK	 
REQUEST		Get artifact by ID	1633366063853	1633366063886	OK	 
REQUEST		Get artifact by ID	1633366063917	1633366063951	OK	 
REQUEST		Get artifact by ID	1633366063977	1633366064002	OK	 
REQUEST		Get artifact by ID	1633366064000	1633366064031	OK	 
REQUEST		Get artifact by ID	1633366064103	1633366064132	OK	 
REQUEST		Get artifact by ID	1633366064387	1633366064418	OK	 
REQUEST		Get artifact by ID	1633366064453	1633366064483	OK	 
REQUEST		Get artifact by ID	1633366064504	1633366064530	OK	 
REQUEST		Get artifact by ID	1633366064532	1633366064559	OK	 
REQUEST		Get artifact by ID	1633366064634	1633366064665	OK	 
REQUEST		Get artifact by ID	1633366064919	1633366064951	OK	 
REQUEST		Get artifact by ID	1633366064984	1633366065020	OK	 
REQUEST		Get artifact by ID	1633366065032	1633366065057	OK	 
REQUEST		Get artifact by ID	1633366065061	1633366065095	OK	 
REQUEST		Get artifact by ID	1633366065167	1633366065197	OK	 
REQUEST		Get artifact by ID	1633366065452	1633366065483	OK	 
REQUEST		Get artifact by ID	1633366065521	1633366065553	OK	 
REQUEST		Get artifact by ID	1633366065559	1633366065586	OK	 
REQUEST		Get artifact by ID	1633366065597	1633366065627	OK	 
REQUEST		Get artifact by ID	1633366065699	1633366065728	OK	 
REQUEST		Get artifact by ID	1633366065984	1633366066020	OK	 
REQUEST		Get artifact by ID	1633366066054	1633366066083	OK	 
REQUEST		Get artifact by ID	1633366066087	1633366066112	OK	 
REQUEST		Get artifact by ID	1633366066129	1633366066160	OK	 
REQUEST		Get artifact by ID	1633366066230	1633366066259	OK	 
REQUEST		Get artifact by ID	1633366066521	1633366066560	OK	 
REQUEST		Get artifact by ID	1633366066585	1633366066611	OK	 
REQUEST		Get artifact by ID	1633366066614	1633366066649	OK	 
REQUEST		Get artifact by ID	1633366066661	1633366066696	OK	 
REQUEST		Get artifact by ID	1633366066760	1633366066788	OK	 
REQUEST		Get artifact by ID	1633366067062	1633366067101	OK	 
REQUEST		Get artifact by ID	1633366067113	1633366067143	OK	 
REQUEST		Get artifact by ID	1633366067150	1633366067175	OK	 
REQUEST		Get artifact by ID	1633366067197	1633366067224	OK	 
REQUEST		Get artifact by ID	1633366067290	1633366067320	OK	 
REQUEST		Get artifact by ID	1633366067602	1633366067640	OK	 
REQUEST		Get artifact by ID	1633366067644	1633366067671	OK	 
REQUEST		Get artifact by ID	1633366067677	1633366067707	OK	 
REQUEST		Get artifact by ID	1633366067726	1633366067760	OK	 
REQUEST		Get artifact by ID	1633366067821	1633366067856	OK	 
REQUEST		Get artifact by ID	1633366068172	1633366068201	OK	 
REQUEST		Get artifact by ID	1633366068209	1633366068234	OK	 
REQUEST		Get artifact by ID	1633366068141	1633366068249	OK	 
REQUEST		Get artifact by ID	1633366068261	1633366068288	OK	 
REQUEST		Get artifact by ID	1633366068357	1633366068387	OK	 
REQUEST		Get artifact by ID	1633366068703	1633366068733	OK	 
REQUEST		Get artifact by ID	1633366068736	1633366068763	OK	 
REQUEST		Get artifact by ID	1633366068750	1633366068779	OK	 
REQUEST		Get artifact by ID	1633366068789	1633366068819	OK	 
REQUEST		Get artifact by ID	1633366068888	1633366068919	OK	 
REQUEST		Get artifact by ID	1633366069235	1633366069268	OK	 
REQUEST		Get artifact by ID	1633366069265	1633366069290	OK	 
REQUEST		Get artifact by ID	1633366069280	1633366069312	OK	 
REQUEST		Get artifact by ID	1633366069320	1633366069349	OK	 
REQUEST		Get artifact by ID	1633366069421	1633366069452	OK	 
REQUEST		Get artifact by ID	1633366069769	1633366069800	OK	 
REQUEST		Get artifact by ID	1633366069792	1633366069818	OK	 
REQUEST		Get artifact by ID	1633366069813	1633366069845	OK	 
REQUEST		Get artifact by ID	1633366069850	1633366069885	OK	 
REQUEST		Get artifact by ID	1633366069953	1633366069985	OK	 
REQUEST		Get artifact by ID	1633366070302	1633366070331	OK	 
REQUEST		Get artifact by ID	1633366070320	1633366070346	OK	 
REQUEST		Get artifact by ID	1633366070346	1633366070378	OK	 
REQUEST		Get artifact by ID	1633366070386	1633366070415	OK	 
REQUEST		Get artifact by ID	1633366070486	1633366070522	OK	 
REQUEST		Get artifact by ID	1633366070833	1633366070865	OK	 
REQUEST		Get artifact by ID	1633366070847	1633366070873	OK	 
REQUEST		Get artifact by ID	1633366070880	1633366070911	OK	 
REQUEST		Get artifact by ID	1633366070916	1633366070949	OK	 
REQUEST		Get artifact by ID	1633366071024	1633366071053	OK	 
REQUEST		Get artifact by ID	1633366071367	1633366071400	OK	 
REQUEST		Get artifact by ID	1633366071374	1633366071402	OK	 
REQUEST		Get artifact by ID	1633366071412	1633366071445	OK	 
REQUEST		Get artifact by ID	1633366071450	1633366071478	OK	 
REQUEST		Get artifact by ID	1633366071555	1633366071588	OK	 
REQUEST		Get artifact by ID	1633366071904	1633366071933	OK	 
REQUEST		Get artifact by ID	1633366071946	1633366071980	OK	 
REQUEST		Get artifact by ID	1633366071902	1633366072002	OK	 
REQUEST		Get artifact by ID	1633366071979	1633366072013	OK	 
REQUEST		Get artifact by ID	1633366072089	1633366072118	OK	 
REQUEST		Get artifact by ID	1633366072435	1633366072467	OK	 
REQUEST		Get artifact by ID	1633366072481	1633366072511	OK	 
REQUEST		Get artifact by ID	1633366072504	1633366072535	OK	 
REQUEST		Get artifact by ID	1633366072514	1633366072541	OK	 
REQUEST		Get artifact by ID	1633366072620	1633366072650	OK	 
REQUEST		Get artifact by ID	1633366072968	1633366072994	OK	 
REQUEST		Get artifact by ID	1633366073012	1633366073045	OK	 
REQUEST		Get artifact by ID	1633366073037	1633366073070	OK	 
REQUEST		Get artifact by ID	1633366073042	1633366073083	OK	 
REQUEST		Get artifact by ID	1633366073152	1633366073180	OK	 
REQUEST		Get artifact by ID	1633366073495	1633366073521	OK	 
REQUEST		Get artifact by ID	1633366073546	1633366073578	OK	 
REQUEST		Get artifact by ID	1633366073585	1633366073611	OK	 
REQUEST		Get artifact by ID	1633366073572	1633366073686	OK	 
REQUEST		Get artifact by ID	1633366073681	1633366073716	OK	 
REQUEST		Get artifact by ID	1633366074023	1633366074052	OK	 
REQUEST		Get artifact by ID	1633366074079	1633366074121	OK	 
REQUEST		Get artifact by ID	1633366074113	1633366074142	OK	 
REQUEST		Get artifact by ID	1633366074188	1633366074217	OK	 
REQUEST		Get artifact by ID	1633366074218	1633366074246	OK	 
REQUEST		Get artifact by ID	1633366074553	1633366074580	OK	 
REQUEST		Get artifact by ID	1633366074623	1633366074657	OK	 
REQUEST		Get artifact by ID	1633366074643	1633366074675	OK	 
REQUEST		Get artifact by ID	1633366074718	1633366074747	OK	 
REQUEST		Get artifact by ID	1633366074747	1633366074777	OK	 
REQUEST		Get artifact by ID	1633366075082	1633366075112	OK	 
REQUEST		Get artifact by ID	1633366075159	1633366075201	OK	 
REQUEST		Get artifact by ID	1633366075177	1633366075205	OK	 
REQUEST		Get artifact by ID	1633366075248	1633366075279	OK	 
REQUEST		Get artifact by ID	1633366075278	1633366075307	OK	 
REQUEST		Get artifact by ID	1633366075613	1633366075639	OK	 
REQUEST		Get artifact by ID	1633366075703	1633366075735	OK	 
REQUEST		Get artifact by ID	1633366075707	1633366075737	OK	 
REQUEST		Get artifact by ID	1633366075780	1633366075810	OK	 
REQUEST		Get artifact by ID	1633366075808	1633366075836	OK	 
REQUEST		Get artifact by ID	1633366076140	1633366076168	OK	 
REQUEST		Get artifact by ID	1633366076237	1633366076266	OK	 
REQUEST		Get artifact by ID	1633366076238	1633366076270	OK	 
REQUEST		Get artifact by ID	1633366076311	1633366076344	OK	 
REQUEST		Get artifact by ID	1633366076337	1633366076366	OK	 
REQUEST		Get artifact by ID	1633366076669	1633366076695	OK	 
REQUEST		Get artifact by ID	1633366076767	1633366076798	OK	 
REQUEST		Get artifact by ID	1633366076770	1633366076800	OK	 
REQUEST		Get artifact by ID	1633366076845	1633366076874	OK	 
REQUEST		Get artifact by ID	1633366076867	1633366076901	OK	 
REQUEST		Get artifact by ID	1633366077197	1633366077223	OK	 
REQUEST		Get artifact by ID	1633366077300	1633366077328	OK	 
REQUEST		Get artifact by ID	1633366077301	1633366077332	OK	 
REQUEST		Get artifact by ID	1633366077375	1633366077402	OK	 
REQUEST		Get artifact by ID	1633366077402	1633366077430	OK	 
REQUEST		Get artifact by ID	1633366077724	1633366077750	OK	 
REQUEST		Get artifact by ID	1633366077833	1633366077862	OK	 
REQUEST		Get artifact by ID	1633366077829	1633366077862	OK	 
REQUEST		Get artifact by ID	1633366077903	1633366077931	OK	 
REQUEST		Get artifact by ID	1633366077931	1633366077959	OK	 
REQUEST		Get artifact by ID	1633366078252	1633366078284	OK	 
REQUEST		Get artifact by ID	1633366078363	1633366078392	OK	 
REQUEST		Get artifact by ID	1633366078363	1633366078394	OK	 
REQUEST		Get artifact by ID	1633366078432	1633366078466	OK	 
REQUEST		Get artifact by ID	1633366078460	1633366078488	OK	 
REQUEST		Get artifact by ID	1633366078785	1633366078811	OK	 
REQUEST		Get artifact by ID	1633366078894	1633366078923	OK	 
REQUEST		Get artifact by ID	1633366078895	1633366078930	OK	 
REQUEST		Get artifact by ID	1633366078967	1633366078998	OK	 
REQUEST		Get artifact by ID	1633366078989	1633366079018	OK	 
REQUEST		Get artifact by ID	1633366079312	1633366079342	OK	 
REQUEST		Get artifact by ID	1633366079424	1633366079453	OK	 
REQUEST		Get artifact by ID	1633366079431	1633366079467	OK	 
REQUEST		Get artifact by ID	1633366079499	1633366079531	OK	 
REQUEST		Get artifact by ID	1633366079519	1633366079552	OK	 
REQUEST		Get artifact by ID	1633366079844	1633366080154	OK	 
REQUEST		Get artifact by ID	1633366080032	1633366080155	OK	 
REQUEST		Get artifact by ID	1633366079954	1633366080155	OK	 
REQUEST		Get artifact by ID	1633366079968	1633366080157	OK	 
REQUEST		Get artifact by ID	1633366080053	1633366080161	OK	 
REQUEST		Get artifact by ID	1633366080655	1633366080684	OK	 
REQUEST		Get artifact by ID	1633366080656	1633366080687	OK	 
REQUEST		Get artifact by ID	1633366080656	1633366080688	OK	 
REQUEST		Get artifact by ID	1633366080662	1633366080692	OK	 
REQUEST		Get artifact by ID	1633366080657	1633366080695	OK	 
REQUEST		Get artifact by ID	1633366081186	1633366081212	OK	 
REQUEST		Get artifact by ID	1633366081189	1633366081220	OK	 
REQUEST		Get artifact by ID	1633366081189	1633366081223	OK	 
REQUEST		Get artifact by ID	1633366081193	1633366081232	OK	 
REQUEST		Get artifact by ID	1633366081196	1633366081235	OK	 
REQUEST		Get artifact by ID	1633366081713	1633366081740	OK	 
REQUEST		Get artifact by ID	1633366081721	1633366081754	OK	 
REQUEST		Get artifact by ID	1633366081724	1633366081758	OK	 
REQUEST		Get artifact by ID	1633366081733	1633366081762	OK	 
REQUEST		Get artifact by ID	1633366081736	1633366081773	OK	 
REQUEST		Get artifact by ID	1633366082242	1633366082269	OK	 
REQUEST		Get artifact by ID	1633366082255	1633366082281	OK	 
REQUEST		Get artifact by ID	1633366082259	1633366082289	OK	 
REQUEST		Get artifact by ID	1633366082263	1633366082293	OK	 
REQUEST		Get artifact by ID	1633366082275	1633366082304	OK	 
REQUEST		Get artifact by ID	1633366082770	1633366082799	OK	 
REQUEST		Get artifact by ID	1633366082783	1633366082808	OK	 
REQUEST		Get artifact by ID	1633366082790	1633366082817	OK	 
REQUEST		Get artifact by ID	1633366082794	1633366082821	OK	 
REQUEST		Get artifact by ID	1633366082805	1633366082839	OK	 
REQUEST		Get artifact by ID	1633366083301	1633366083327	OK	 
REQUEST		Get artifact by ID	1633366083309	1633366083339	OK	 
REQUEST		Get artifact by ID	1633366083318	1633366083352	OK	 
REQUEST		Get artifact by ID	1633366083322	1633366083356	OK	 
REQUEST		Get artifact by ID	1633366083340	1633366083370	OK	 
REQUEST		Get artifact by ID	1633366083828	1633366083857	OK	 
REQUEST		Get artifact by ID	1633366083840	1633366083869	OK	 
REQUEST		Get artifact by ID	1633366083854	1633366083881	OK	 
REQUEST		Get artifact by ID	1633366083857	1633366083885	OK	 
REQUEST		Get artifact by ID	1633366083871	1633366083913	OK	 
REQUEST		Get artifact by ID	1633366084358	1633366084385	OK	 
REQUEST		Get artifact by ID	1633366084370	1633366084397	OK	 
REQUEST		Get artifact by ID	1633366084382	1633366084414	OK	 
REQUEST		Get artifact by ID	1633366084386	1633366084417	OK	 
REQUEST		Get artifact by ID	1633366084414	1633366084446	OK	 
REQUEST		Get artifact by ID	1633366084886	1633366084920	OK	 
REQUEST		Get artifact by ID	1633366084899	1633366084931	OK	 
REQUEST		Get artifact by ID	1633366084915	1633366084947	OK	 
REQUEST		Get artifact by ID	1633366084918	1633366084950	OK	 
REQUEST		Get artifact by ID	1633366084947	1633366084980	OK	 
REQUEST		Get artifact by ID	1633366085449	1633366085478	OK	 
REQUEST		Get artifact by ID	1633366085451	1633366085481	OK	 
REQUEST		Get artifact by ID	1633366085421	1633366085506	OK	 
REQUEST		Get artifact by ID	1633366085481	1633366085509	OK	 
REQUEST		Get artifact by ID	1633366085432	1633366085565	OK	 
REQUEST		Get artifact by ID	1633366085979	1633366086008	OK	 
REQUEST		Get artifact by ID	1633366085982	1633366086010	OK	 
REQUEST		Get artifact by ID	1633366086007	1633366086034	OK	 
REQUEST		Get artifact by ID	1633366086010	1633366086043	OK	 
REQUEST		Get artifact by ID	1633366086066	1633366086092	OK	 
REQUEST		Get artifact by ID	1633366086509	1633366086549	OK	 
REQUEST		Get artifact by ID	1633366086511	1633366086549	OK	 
REQUEST		Get artifact by ID	1633366086535	1633366086564	OK	 
REQUEST		Get artifact by ID	1633366086544	1633366086577	OK	 
REQUEST		Get artifact by ID	1633366086593	1633366086632	OK	 
REQUEST		Get artifact by ID	1633366087050	1633366087078	OK	 
REQUEST		Get artifact by ID	1633366087050	1633366087079	OK	 
REQUEST		Get artifact by ID	1633366087065	1633366087093	OK	 
REQUEST		Get artifact by ID	1633366087078	1633366087110	OK	 
REQUEST		Get artifact by ID	1633366087134	1633366087165	OK	 
REQUEST		Get artifact by ID	1633366087579	1633366087609	OK	 
REQUEST		Get artifact by ID	1633366087581	1633366087612	OK	 
REQUEST		Get artifact by ID	1633366087595	1633366087620	OK	 
REQUEST		Get artifact by ID	1633366087611	1633366087642	OK	 
REQUEST		Get artifact by ID	1633366087666	1633366087700	OK	 
REQUEST		Get artifact by ID	1633366088110	1633366088144	OK	 
REQUEST		Get artifact by ID	1633366088113	1633366088149	OK	 
REQUEST		Get artifact by ID	1633366088122	1633366088155	OK	 
REQUEST		Get artifact by ID	1633366088144	1633366088178	OK	 
REQUEST		Get artifact by ID	1633366088202	1633366088227	OK	 
REQUEST		Get artifact by ID	1633366088645	1633366088674	OK	 
REQUEST		Get artifact by ID	1633366088650	1633366088677	OK	 
REQUEST		Get artifact by ID	1633366088656	1633366088683	OK	 
REQUEST		Get artifact by ID	1633366088679	1633366088710	OK	 
REQUEST		Get artifact by ID	1633366088728	1633366088758	OK	 
REQUEST		Get artifact by ID	1633366089176	1633366089203	OK	 
REQUEST		Get artifact by ID	1633366089178	1633366089208	OK	 
REQUEST		Get artifact by ID	1633366089184	1633366089214	OK	 
REQUEST		Get artifact by ID	1633366089211	1633366089244	OK	 
REQUEST		Get artifact by ID	1633366089259	1633366089283	OK	 
REQUEST		Get artifact by ID	1633366089704	1633366089734	OK	 
REQUEST		Get artifact by ID	1633366089715	1633366089748	OK	 
REQUEST		Get artifact by ID	1633366089745	1633366089781	OK	 
REQUEST		Get artifact by ID	1633366089784	1633366089813	OK	 
REQUEST		Delete registry instance	1633366089710	1633366089971	OK	 
USER	E2E Service Registry Simulation	END	1633366089976
REQUEST		Get artifact by ID	1633366090235	1633366090263	OK	 
REQUEST		Get artifact by ID	1633366090313	1633366090354	OK	 
REQUEST		Get artifact by ID	1633366090249	1633366090354	OK	 
REQUEST		Delete registry instance	1633366090283	1633366090381	OK	 
USER	E2E Service Registry Simulation	END	1633366090382
REQUEST		Delete registry instance	1633366090764	1633366090854	OK	 
USER	E2E Service Registry Simulation	END	1633366090856
REQUEST		Get artifact by ID	1633366090855	1633366090888	OK	 
REQUEST		Get artifact by ID	1633366090855	1633366090889	OK	 
REQUEST		Get artifact by ID	1633366091389	1633366091429	OK	 
REQUEST		Delete registry instance	1633366091390	1633366091488	OK	 
USER	E2E Service Registry Simulation	END	1633366091490
REQUEST		Get artifact by ID	1633366091930	1633366091955	OK	 
REQUEST		Delete registry instance	1633366092456	1633366092573	OK	 
USER	E2E Service Registry Simulation	END	1633366092574
