RUN	simulations.End2EndSimulation	end2endsimulation	1633618989509	 	3.5.1
USER	E2E Service Registry Simulation	START	1633618990447
REQUEST		Create registry instance	1633618990555	1633618991879	OK	 
REQUEST		Check instance status	1633618991970	1633618992014	OK	 
REQUEST		Check instance status	1633618993021	1633618993059	OK	 
REQUEST		Get instance url	1633618993065	1633618993108	OK	 
REQUEST		Get Developer principalId	1633618993389	1633618993586	OK	 
REQUEST		Grant access to Developer principalId	1633618993682	1633618993711	OK	 
REQUEST		Create artifact	1633618993714	1633618993757	OK	 
REQUEST		Search artifacts	1633618993760	1633618993788	OK	 
REQUEST		Get artifact by ID	1633618993805	1633618993833	OK	 
REQUEST		Get artifact by ID	1633618994335	1633618994365	OK	 
USER	E2E Service Registry Simulation	START	1633618994432
REQUEST		Get artifact by ID	1633618994868	1633618994894	OK	 
REQUEST		Get artifact by ID	1633618995396	1633618995425	OK	 
REQUEST		Create registry instance	1633618994433	1633618995591	OK	 
REQUEST		Check instance status	1633618995594	1633618995651	OK	 
REQUEST		Get artifact by ID	1633618995927	1633618995965	OK	 
REQUEST		Get artifact by ID	1633618996467	1633618996496	OK	 
REQUEST		Check instance status	1633618996654	1633618996689	OK	 
REQUEST		Get instance url	1633618996691	1633618996734	OK	 
REQUEST		Get Developer principalId	1633618996736	1633618996814	OK	 
REQUEST		Grant access to Developer principalId	1633618996816	1633618996843	OK	 
REQUEST		Create artifact	1633618996845	1633618996885	OK	 
REQUEST		Search artifacts	1633618996888	1633618996914	OK	 
REQUEST		Get artifact by ID	1633618996916	1633618996955	OK	 
REQUEST		Get artifact by ID	1633618996998	1633618997026	OK	 
REQUEST		Get artifact by ID	1633618997457	1633618997486	OK	 
REQUEST		Get artifact by ID	1633618997528	1633618997564	OK	 
REQUEST		Get artifact by ID	1633618997987	1633618998017	OK	 
REQUEST		Get artifact by ID	1633618998066	1633618998093	OK	 
REQUEST		Get artifact by ID	1633618998518	1633618998575	OK	 
REQUEST		Get artifact by ID	1633618998594	1633618998635	OK	 
REQUEST		Get artifact by ID	1633618999077	1633618999120	OK	 
REQUEST		Delete registry instance	1633618999137	1633618999206	OK	 
USER	E2E Service Registry Simulation	END	1633618999213
REQUEST		Get artifact by ID	1633618999622	1633618999657	OK	 
REQUEST		Get artifact by ID	1633619000159	1633619000188	OK	 
REQUEST		Get artifact by ID	1633619000690	1633619000721	OK	 
REQUEST		Get artifact by ID	1633619001224	1633619001252	OK	 
REQUEST		Get artifact by ID	1633619001754	1633619001787	OK	 
REQUEST		Delete registry instance	1633619002289	1633619002343	OK	 
USER	E2E Service Registry Simulation	END	1633619002346
